  [1m[35m (16.7ms)[0m  [1m[34mSELECT sqlite_version(*)[0m
  [1m[35m (10.5ms)[0m  [1m[35mCREATE TABLE "schema_migrations" ("version" varchar NOT NULL PRIMARY KEY)[0m
  [1m[35m (9.5ms)[0m  [1m[35mCREATE TABLE "ar_internal_metadata" ("key" varchar NOT NULL PRIMARY KEY, "value" varchar, "created_at" datetime(6) NOT NULL, "updated_at" datetime(6) NOT NULL)[0m
  [1m[35m (3.2ms)[0m  [1m[34mSELECT "schema_migrations"."version" FROM "schema_migrations" ORDER BY "schema_migrations"."version" ASC[0m
Migrating to CreateUsuarios (20210724202943)
  [1m[36mTRANSACTION (0.2ms)[0m  [1m[36mbegin transaction[0m
  [1m[35m (9.8ms)[0m  [1m[35mCREATE TABLE "usuarios" ("id" integer PRIMARY KEY AUTOINCREMENT NOT NULL, "nombre" varchar, "apellido" varchar, "email" varchar, "edad" integer, "created_at" datetime(6) NOT NULL, "updated_at" datetime(6) NOT NULL)[0m
  [1m[36mActiveRecord::SchemaMigration Create (2.6ms)[0m  [1m[32mINSERT INTO "schema_migrations" ("version") VALUES (?)[0m  [["version", "20210724202943"]]
  [1m[36mTRANSACTION (7.2ms)[0m  [1m[36mcommit transaction[0m
  [1m[36mActiveRecord::InternalMetadata Load (3.6ms)[0m  [1m[34mSELECT "ar_internal_metadata".* FROM "ar_internal_metadata" WHERE "ar_internal_metadata"."key" = ? LIMIT ?[0m  [["key", "environment"], ["LIMIT", 1]]
  [1m[36mTRANSACTION (0.1ms)[0m  [1m[36mbegin transaction[0m
  [1m[36mActiveRecord::InternalMetadata Create (8.9ms)[0m  [1m[32mINSERT INTO "ar_internal_metadata" ("key", "value", "created_at", "updated_at") VALUES (?, ?, ?, ?)[0m  [["key", "environment"], ["value", "development"], ["created_at", "2021-07-24 20:30:10.456220"], ["updated_at", "2021-07-24 20:30:10.456220"]]
  [1m[36mTRANSACTION (8.0ms)[0m  [1m[36mcommit transaction[0m
  [1m[35m (0.5ms)[0m  [1m[34mSELECT sqlite_version(*)[0m
  [1m[35m (3.2ms)[0m  [1m[34mSELECT "schema_migrations"."version" FROM "schema_migrations" ORDER BY "schema_migrations"."version" ASC[0m
  [1m[35m (35.4ms)[0m  [1m[34mSELECT sqlite_version(*)[0m
  [1m[35m (3.5ms)[0m  [1m[34mSELECT "schema_migrations"."version" FROM "schema_migrations" ORDER BY "schema_migrations"."version" ASC[0m
Migrating to CreateComentarios (20210724212900)
  [1m[36mTRANSACTION (0.4ms)[0m  [1m[36mbegin transaction[0m
  [1m[35m (8.7ms)[0m  [1m[35mCREATE TABLE "comentarios" ("id" integer PRIMARY KEY AUTOINCREMENT NOT NULL, "content" text, "usuario_id" integer NOT NULL, "created_at" datetime(6) NOT NULL, "updated_at" datetime(6) NOT NULL, CONSTRAINT "fk_rails_0ceedb79ec"
FOREIGN KEY ("usuario_id")
  REFERENCES "usuarios" ("id")
)[0m
  [1m[35m (1.1ms)[0m  [1m[35mCREATE INDEX "index_comentarios_on_usuario_id" ON "comentarios" ("usuario_id")[0m
  [1m[36mActiveRecord::SchemaMigration Create (1.9ms)[0m  [1m[32mINSERT INTO "schema_migrations" ("version") VALUES (?)[0m  [["version", "20210724212900"]]
  [1m[36mTRANSACTION (5.9ms)[0m  [1m[36mcommit transaction[0m
  [1m[36mActiveRecord::InternalMetadata Load (4.0ms)[0m  [1m[34mSELECT "ar_internal_metadata".* FROM "ar_internal_metadata" WHERE "ar_internal_metadata"."key" = ? LIMIT ?[0m  [["key", "environment"], ["LIMIT", 1]]
  [1m[35m (0.2ms)[0m  [1m[34mSELECT sqlite_version(*)[0m
  [1m[35m (2.8ms)[0m  [1m[34mSELECT "schema_migrations"."version" FROM "schema_migrations" ORDER BY "schema_migrations"."version" ASC[0m
  [1m[35m (2.4ms)[0m  [1m[34mSELECT sqlite_version(*)[0m
  [1m[35m (2.6ms)[0m  [1m[34mSELECT "schema_migrations"."version" FROM "schema_migrations" ORDER BY "schema_migrations"."version" ASC[0m
Migrating to CreateMensajes (20210724212955)
  [1m[36mTRANSACTION (0.1ms)[0m  [1m[36mbegin transaction[0m
  [1m[35m (6.0ms)[0m  [1m[35mCREATE TABLE "mensajes" ("id" integer PRIMARY KEY AUTOINCREMENT NOT NULL, "usuario_id" integer NOT NULL, "comentario_id" integer NOT NULL, "created_at" datetime(6) NOT NULL, "updated_at" datetime(6) NOT NULL, CONSTRAINT "fk_rails_6ac5bdf753"
FOREIGN KEY ("usuario_id")
  REFERENCES "usuarios" ("id")
, CONSTRAINT "fk_rails_fd021f6118"
FOREIGN KEY ("comentario_id")
  REFERENCES "comentarios" ("id")
)[0m
  [1m[35m (1.1ms)[0m  [1m[35mCREATE INDEX "index_mensajes_on_usuario_id" ON "mensajes" ("usuario_id")[0m
  [1m[35m (0.4ms)[0m  [1m[35mCREATE INDEX "index_mensajes_on_comentario_id" ON "mensajes" ("comentario_id")[0m
  [1m[36mActiveRecord::SchemaMigration Create (1.3ms)[0m  [1m[32mINSERT INTO "schema_migrations" ("version") VALUES (?)[0m  [["version", "20210724212955"]]
  [1m[36mTRANSACTION (6.5ms)[0m  [1m[36mcommit transaction[0m
  [1m[36mActiveRecord::InternalMetadata Load (4.3ms)[0m  [1m[34mSELECT "ar_internal_metadata".* FROM "ar_internal_metadata" WHERE "ar_internal_metadata"."key" = ? LIMIT ?[0m  [["key", "environment"], ["LIMIT", 1]]
  [1m[35m (0.8ms)[0m  [1m[34mSELECT sqlite_version(*)[0m
  [1m[35m (2.8ms)[0m  [1m[34mSELECT "schema_migrations"."version" FROM "schema_migrations" ORDER BY "schema_migrations"."version" ASC[0m
Started GET "/" for 10.0.2.2 at 2021-07-24 21:43:30 +0000
Cannot render console from 10.0.2.2! Allowed networks: 127.0.0.0/127.255.255.255, ::1
  [1m[35m (5.4ms)[0m  [1m[34mSELECT sqlite_version(*)[0m
  [1m[35m (2.4ms)[0m  [1m[34mSELECT "schema_migrations"."version" FROM "schema_migrations" ORDER BY "schema_migrations"."version" ASC[0m
Processing by Rails::WelcomeController#index as HTML
  Rendering /home/vagrant/.rvm/gems/ruby-3.0.0/gems/railties-6.1.4/lib/rails/templates/rails/welcome/index.html.erb
  Rendered /home/vagrant/.rvm/gems/ruby-3.0.0/gems/railties-6.1.4/lib/rails/templates/rails/welcome/index.html.erb (Duration: 189.2ms | Allocations: 529)
Completed 200 OK in 700ms (Views: 375.7ms | ActiveRecord: 0.0ms | Allocations: 4795)


Started GET "/" for 10.0.2.2 at 2021-07-24 21:43:32 +0000
Cannot render console from 10.0.2.2! Allowed networks: 127.0.0.0/127.255.255.255, ::1
Processing by Rails::WelcomeController#index as HTML
  Rendering /home/vagrant/.rvm/gems/ruby-3.0.0/gems/railties-6.1.4/lib/rails/templates/rails/welcome/index.html.erb
  Rendered /home/vagrant/.rvm/gems/ruby-3.0.0/gems/railties-6.1.4/lib/rails/templates/rails/welcome/index.html.erb (Duration: 12.0ms | Allocations: 218)
Completed 200 OK in 26ms (Views: 23.6ms | ActiveRecord: 0.0ms | Allocations: 1052)


Started GET "/usuarios" for 10.0.2.2 at 2021-07-24 21:43:53 +0000
Cannot render console from 10.0.2.2! Allowed networks: 127.0.0.0/127.255.255.255, ::1
Processing by UsuariosController#index as HTML
  Rendering layout layouts/application.html.erb
  Rendering usuarios/index.html.erb within layouts/application
  [1m[36mUsuario Load (1.8ms)[0m  [1m[34mSELECT "usuarios".* FROM "usuarios"[0m
  ↳ app/views/usuarios/index.html.erb:17
  Rendered usuarios/index.html.erb within layouts/application (Duration: 8.4ms | Allocations: 1209)
[Webpacker] Compiling...
[Webpacker] Compilation failed:
yarn run v1.22.10
info Visit https://yarnpkg.com/en/docs/cli/run for documentation about this command.


error Command "webpack" not found.

  Rendered layout layouts/application.html.erb (Duration: 2862.2ms | Allocations: 25869)
Completed 500 Internal Server Error in 2966ms (ActiveRecord: 1.8ms | Allocations: 27591)


  
ActionView::Template::Error (Webpacker can't find application.js in /vagrant/FundamentosRails/Muro/public/packs/manifest.json. Possible causes:
1. You want to set webpacker.yml value of compile to true for your environment
   unless you are using the `webpack -w` or the webpack-dev-server.
2. webpack has not yet re-run to reflect updates.
3. You have misconfigured Webpacker's config/webpacker.yml file.
4. Your webpack configuration is not creating a manifest.
Your manifest contains:
{
}
):
     7:     <%= csp_meta_tag %>
     8: 
     9:     <%= stylesheet_link_tag 'application', media: 'all', 'data-turbolinks-track': 'reload' %>
    10:     <%= javascript_pack_tag 'application', 'data-turbolinks-track': 'reload' %>
    11:   </head>
    12: 
    13:   <body>
  
app/views/layouts/application.html.erb:10
Started GET "/usuarios" for 10.0.2.2 at 2021-07-24 21:44:17 +0000
Cannot render console from 10.0.2.2! Allowed networks: 127.0.0.0/127.255.255.255, ::1
Processing by UsuariosController#index as HTML
  Rendering layout layouts/application.html.erb
  Rendering usuarios/index.html.erb within layouts/application
  [1m[36mUsuario Load (3.4ms)[0m  [1m[34mSELECT "usuarios".* FROM "usuarios"[0m
  ↳ app/views/usuarios/index.html.erb:17
  Rendered usuarios/index.html.erb within layouts/application (Duration: 9.1ms | Allocations: 724)
[Webpacker] Compiling...
[Webpacker] Compilation failed:
yarn run v1.22.10
info Visit https://yarnpkg.com/en/docs/cli/run for documentation about this command.


error Command "webpack" not found.

  Rendered layout layouts/application.html.erb (Duration: 1701.6ms | Allocations: 5394)
Completed 500 Internal Server Error in 1705ms (ActiveRecord: 3.4ms | Allocations: 5773)


  
ActionView::Template::Error (Webpacker can't find application.js in /vagrant/FundamentosRails/Muro/public/packs/manifest.json. Possible causes:
1. You want to set webpacker.yml value of compile to true for your environment
   unless you are using the `webpack -w` or the webpack-dev-server.
2. webpack has not yet re-run to reflect updates.
3. You have misconfigured Webpacker's config/webpacker.yml file.
4. Your webpack configuration is not creating a manifest.
Your manifest contains:
{
}
):
     7:     <%= csp_meta_tag %>
     8: 
     9:     <%= stylesheet_link_tag 'application', media: 'all', 'data-turbolinks-track': 'reload' %>
    10:     <%= javascript_pack_tag 'application', 'data-turbolinks-track': 'reload' %>
    11:   </head>
    12: 
    13:   <body>
  
app/views/layouts/application.html.erb:10
Started GET "/clientes" for 10.0.2.2 at 2021-07-24 21:44:25 +0000
Cannot render console from 10.0.2.2! Allowed networks: 127.0.0.0/127.255.255.255, ::1
  
ActionController::RoutingError (No route matches [GET] "/clientes"):
  
Started GET "/comentarios" for 10.0.2.2 at 2021-07-24 21:44:27 +0000
Cannot render console from 10.0.2.2! Allowed networks: 127.0.0.0/127.255.255.255, ::1
Processing by ComentariosController#index as HTML
  Rendering layout layouts/application.html.erb
  Rendering comentarios/index.html.erb within layouts/application
  [1m[36mComentario Load (2.5ms)[0m  [1m[34mSELECT "comentarios".* FROM "comentarios"[0m
  ↳ app/views/comentarios/index.html.erb:15
  Rendered comentarios/index.html.erb within layouts/application (Duration: 10.5ms | Allocations: 1052)
[Webpacker] Compiling...
[Webpacker] Compilation failed:
yarn run v1.22.10
info Visit https://yarnpkg.com/en/docs/cli/run for documentation about this command.


error Command "webpack" not found.

  Rendered layout layouts/application.html.erb (Duration: 1672.9ms | Allocations: 5716)
Completed 500 Internal Server Error in 1798ms (ActiveRecord: 2.5ms | Allocations: 8211)


  
ActionView::Template::Error (Webpacker can't find application.js in /vagrant/FundamentosRails/Muro/public/packs/manifest.json. Possible causes:
1. You want to set webpacker.yml value of compile to true for your environment
   unless you are using the `webpack -w` or the webpack-dev-server.
2. webpack has not yet re-run to reflect updates.
3. You have misconfigured Webpacker's config/webpacker.yml file.
4. Your webpack configuration is not creating a manifest.
Your manifest contains:
{
}
):
     7:     <%= csp_meta_tag %>
     8: 
     9:     <%= stylesheet_link_tag 'application', media: 'all', 'data-turbolinks-track': 'reload' %>
    10:     <%= javascript_pack_tag 'application', 'data-turbolinks-track': 'reload' %>
    11:   </head>
    12: 
    13:   <body>
  
app/views/layouts/application.html.erb:10
Started GET "/" for 10.0.2.2 at 2021-07-24 21:47:23 +0000
Cannot render console from 10.0.2.2! Allowed networks: 127.0.0.0/127.255.255.255, ::1
Processing by Rails::WelcomeController#index as HTML
  Rendering /home/vagrant/.rvm/gems/ruby-3.0.0/gems/railties-6.1.4/lib/rails/templates/rails/welcome/index.html.erb
  Rendered /home/vagrant/.rvm/gems/ruby-3.0.0/gems/railties-6.1.4/lib/rails/templates/rails/welcome/index.html.erb (Duration: 0.3ms | Allocations: 45)
Completed 200 OK in 3ms (Views: 1.7ms | ActiveRecord: 0.0ms | Allocations: 407)


Started GET "/" for 10.0.2.2 at 2021-07-24 21:47:42 +0000
Cannot render console from 10.0.2.2! Allowed networks: 127.0.0.0/127.255.255.255, ::1
Processing by Rails::WelcomeController#index as HTML
  Rendering /home/vagrant/.rvm/gems/ruby-3.0.0/gems/railties-6.1.4/lib/rails/templates/rails/welcome/index.html.erb
  Rendered /home/vagrant/.rvm/gems/ruby-3.0.0/gems/railties-6.1.4/lib/rails/templates/rails/welcome/index.html.erb (Duration: 0.4ms | Allocations: 45)
Completed 200 OK in 5ms (Views: 2.7ms | ActiveRecord: 0.0ms | Allocations: 404)


Started GET "/usuarios" for 10.0.2.2 at 2021-07-24 21:47:47 +0000
Cannot render console from 10.0.2.2! Allowed networks: 127.0.0.0/127.255.255.255, ::1
Processing by UsuariosController#index as HTML
  Rendering layout layouts/application.html.erb
  Rendering usuarios/index.html.erb within layouts/application
  [1m[36mUsuario Load (4.5ms)[0m  [1m[34mSELECT "usuarios".* FROM "usuarios"[0m
  ↳ app/views/usuarios/index.html.erb:17
  Rendered usuarios/index.html.erb within layouts/application (Duration: 10.2ms | Allocations: 719)
[Webpacker] Compiling...
[Webpacker] Compilation failed:
yarn run v1.22.10
info Visit https://yarnpkg.com/en/docs/cli/run for documentation about this command.


error Command "webpack" not found.

  Rendered layout layouts/application.html.erb (Duration: 1761.3ms | Allocations: 5326)
Completed 500 Internal Server Error in 1764ms (ActiveRecord: 4.5ms | Allocations: 5697)


  
ActionView::Template::Error (Webpacker can't find application.js in /vagrant/FundamentosRails/Muro/public/packs/manifest.json. Possible causes:
1. You want to set webpacker.yml value of compile to true for your environment
   unless you are using the `webpack -w` or the webpack-dev-server.
2. webpack has not yet re-run to reflect updates.
3. You have misconfigured Webpacker's config/webpacker.yml file.
4. Your webpack configuration is not creating a manifest.
Your manifest contains:
{
}
):
     7:     <%= csp_meta_tag %>
     8: 
     9:     <%= stylesheet_link_tag 'application', media: 'all', 'data-turbolinks-track': 'reload' %>
    10:     <%= javascript_pack_tag 'application', 'data-turbolinks-track': 'reload' %>
    11:   </head>
    12: 
    13:   <body>
  
app/views/layouts/application.html.erb:10
Started GET "/usuario" for 10.0.2.2 at 2021-07-24 21:50:15 +0000
Cannot render console from 10.0.2.2! Allowed networks: 127.0.0.0/127.255.255.255, ::1
  
ActionController::RoutingError (No route matches [GET] "/usuario"):
  
Started GET "/Usuario" for 10.0.2.2 at 2021-07-24 21:50:25 +0000
Cannot render console from 10.0.2.2! Allowed networks: 127.0.0.0/127.255.255.255, ::1
  
ActionController::RoutingError (No route matches [GET] "/Usuario"):
  
Started GET "/Usuario" for 10.0.2.2 at 2021-07-24 21:50:30 +0000
Cannot render console from 10.0.2.2! Allowed networks: 127.0.0.0/127.255.255.255, ::1
  
ActionController::RoutingError (No route matches [GET] "/Usuario"):
  
Started GET "/usuarios" for 10.0.2.2 at 2021-07-24 21:50:54 +0000
Cannot render console from 10.0.2.2! Allowed networks: 127.0.0.0/127.255.255.255, ::1
Processing by UsuariosController#index as HTML
  Rendering layout layouts/application.html.erb
  Rendering usuarios/index.html.erb within layouts/application
  [1m[36mUsuario Load (3.2ms)[0m  [1m[34mSELECT "usuarios".* FROM "usuarios"[0m
  ↳ app/views/usuarios/index.html.erb:17
  Rendered usuarios/index.html.erb within layouts/application (Duration: 16.9ms | Allocations: 724)
[Webpacker] Compiling...
[Webpacker] Compilation failed:
yarn run v1.22.10
info Visit https://yarnpkg.com/en/docs/cli/run for documentation about this command.


error Command "webpack" not found.

  Rendered layout layouts/application.html.erb (Duration: 1921.3ms | Allocations: 5355)
Completed 500 Internal Server Error in 1925ms (ActiveRecord: 3.2ms | Allocations: 5731)


  
ActionView::Template::Error (Webpacker can't find application.js in /vagrant/FundamentosRails/Muro/public/packs/manifest.json. Possible causes:
1. You want to set webpacker.yml value of compile to true for your environment
   unless you are using the `webpack -w` or the webpack-dev-server.
2. webpack has not yet re-run to reflect updates.
3. You have misconfigured Webpacker's config/webpacker.yml file.
4. Your webpack configuration is not creating a manifest.
Your manifest contains:
{
}
):
     7:     <%= csp_meta_tag %>
     8: 
     9:     <%= stylesheet_link_tag 'application', media: 'all', 'data-turbolinks-track': 'reload' %>
    10:     <%= javascript_pack_tag 'application', 'data-turbolinks-track': 'reload' %>
    11:   </head>
    12: 
    13:   <body>
  
app/views/layouts/application.html.erb:10
Started GET "/usuarios" for 10.0.2.2 at 2021-07-24 21:51:03 +0000
Cannot render console from 10.0.2.2! Allowed networks: 127.0.0.0/127.255.255.255, ::1
Processing by UsuariosController#index as HTML
  Rendering layout layouts/application.html.erb
  Rendering usuarios/index.html.erb within layouts/application
  [1m[36mUsuario Load (2.6ms)[0m  [1m[34mSELECT "usuarios".* FROM "usuarios"[0m
  ↳ app/views/usuarios/index.html.erb:17
  Rendered usuarios/index.html.erb within layouts/application (Duration: 7.6ms | Allocations: 718)
[Webpacker] Compiling...
[Webpacker] Compilation failed:
yarn run v1.22.10
info Visit https://yarnpkg.com/en/docs/cli/run for documentation about this command.


error Command "webpack" not found.

  Rendered layout layouts/application.html.erb (Duration: 1740.6ms | Allocations: 5348)
Completed 500 Internal Server Error in 1744ms (ActiveRecord: 2.6ms | Allocations: 5717)


  
ActionView::Template::Error (Webpacker can't find application.js in /vagrant/FundamentosRails/Muro/public/packs/manifest.json. Possible causes:
1. You want to set webpacker.yml value of compile to true for your environment
   unless you are using the `webpack -w` or the webpack-dev-server.
2. webpack has not yet re-run to reflect updates.
3. You have misconfigured Webpacker's config/webpacker.yml file.
4. Your webpack configuration is not creating a manifest.
Your manifest contains:
{
}
):
     7:     <%= csp_meta_tag %>
     8: 
     9:     <%= stylesheet_link_tag 'application', media: 'all', 'data-turbolinks-track': 'reload' %>
    10:     <%= javascript_pack_tag 'application', 'data-turbolinks-track': 'reload' %>
    11:   </head>
    12: 
    13:   <body>
  
app/views/layouts/application.html.erb:10
Started GET "/usuario" for 10.0.2.2 at 2021-07-24 21:52:55 +0000
Cannot render console from 10.0.2.2! Allowed networks: 127.0.0.0/127.255.255.255, ::1
  
ActionController::RoutingError (No route matches [GET] "/usuario"):
  
